[ 2018-12-14T11:45:55+08:00 ] 127.0.0.1 /files/Image/index/sha1/e7b722c19f69d21e915b64aaa0fe06c8e5e5b72d
INFO: [ app_init ] --START--
INFO: Run Behavior\BuildLiteBehavior [ RunTime:0.000008s ]
INFO: [ app_init ] --END-- [ RunTime:0.000363s ]
INFO: [ app_begin ] --START--
INFO: Run Behavior\ReadHtmlCacheBehavior [ RunTime:0.000562s ]
INFO: [ app_begin ] --END-- [ RunTime:0.000596s ]
SQL: SHOW COLUMNS FROM `sys_picture` [ RunTime:0.0043s ]
SQL: SELECT `id`,`path`,`size`,`mime` FROM `sys_picture` WHERE `sha1` = 'e7b722c19f69d21e915b64aaa0fe06c8e5e5b72d' LIMIT 1   [ RunTime:0.0002s ]
INFO: [ app_end ] --START--
INFO: Run Behavior\ShowPageTraceBehavior [ RunTime:0.000550s ]
INFO: [ app_end ] --END-- [ RunTime:0.000586s ]

[ 2018-12-14T11:45:55+08:00 ] 127.0.0.1 /files/Image/index/sha1/9b8b66d7cc7fc6a164c28e6ee10cdd741ac3a5ae
INFO: [ app_init ] --START--
INFO: Run Behavior\BuildLiteBehavior [ RunTime:0.000011s ]
INFO: [ app_init ] --END-- [ RunTime:0.000346s ]
INFO: [ app_begin ] --START--
INFO: Run Behavior\ReadHtmlCacheBehavior [ RunTime:0.000461s ]
INFO: [ app_begin ] --END-- [ RunTime:0.000501s ]
SQL: SHOW COLUMNS FROM `sys_picture` [ RunTime:0.0041s ]
SQL: SELECT `id`,`path`,`size`,`mime` FROM `sys_picture` WHERE `sha1` = '9b8b66d7cc7fc6a164c28e6ee10cdd741ac3a5ae' LIMIT 1   [ RunTime:0.0001s ]
INFO: [ app_end ] --START--
INFO: Run Behavior\ShowPageTraceBehavior [ RunTime:0.000488s ]
INFO: [ app_end ] --END-- [ RunTime:0.000528s ]

[ 2018-12-14T11:45:55+08:00 ] 127.0.0.1 /files/Image/index/sha1/30c067f8d8ba3a820a5158ff1dde03b2eedaee77
INFO: [ app_init ] --START--
INFO: Run Behavior\BuildLiteBehavior [ RunTime:0.000022s ]
INFO: [ app_init ] --END-- [ RunTime:0.000731s ]
INFO: [ app_begin ] --START--
INFO: Run Behavior\ReadHtmlCacheBehavior [ RunTime:0.000629s ]
INFO: [ app_begin ] --END-- [ RunTime:0.000666s ]
SQL: SHOW COLUMNS FROM `sys_picture` [ RunTime:0.0045s ]
SQL: SELECT `id`,`path`,`size`,`mime` FROM `sys_picture` WHERE `sha1` = '30c067f8d8ba3a820a5158ff1dde03b2eedaee77' LIMIT 1   [ RunTime:0.0002s ]
INFO: [ app_end ] --START--
INFO: Run Behavior\ShowPageTraceBehavior [ RunTime:0.000741s ]
INFO: [ app_end ] --END-- [ RunTime:0.000796s ]

[ 2018-12-14T11:45:55+08:00 ] 127.0.0.1 /files/Image/index/sha1/a5742eeb938586a9e31bf498d841d59338aab6cf
INFO: [ app_init ] --START--
INFO: Run Behavior\BuildLiteBehavior [ RunTime:0.000009s ]
INFO: [ app_init ] --END-- [ RunTime:0.000373s ]
INFO: [ app_begin ] --START--
INFO: Run Behavior\ReadHtmlCacheBehavior [ RunTime:0.000718s ]
INFO: [ app_begin ] --END-- [ RunTime:0.000754s ]
SQL: SHOW COLUMNS FROM `sys_picture` [ RunTime:0.0044s ]
SQL: SELECT `id`,`path`,`size`,`mime` FROM `sys_picture` WHERE `sha1` = 'a5742eeb938586a9e31bf498d841d59338aab6cf' LIMIT 1   [ RunTime:0.0002s ]
INFO: [ app_end ] --START--
INFO: Run Behavior\ShowPageTraceBehavior [ RunTime:0.001688s ]
INFO: [ app_end ] --END-- [ RunTime:0.001794s ]

[ 2018-12-14T11:45:56+08:00 ] 127.0.0.1 /files/Image/index/sha1/e7b722c19f69d21e915b64aaa0fe06c8e5e5b72d
INFO: [ app_init ] --START--
INFO: Run Behavior\BuildLiteBehavior [ RunTime:0.000009s ]
INFO: [ app_init ] --END-- [ RunTime:0.000328s ]
INFO: [ app_begin ] --START--
INFO: Run Behavior\ReadHtmlCacheBehavior [ RunTime:0.000441s ]
INFO: [ app_begin ] --END-- [ RunTime:0.000475s ]
SQL: SHOW COLUMNS FROM `sys_picture` [ RunTime:0.0041s ]
SQL: SELECT `id`,`path`,`size`,`mime` FROM `sys_picture` WHERE `sha1` = 'e7b722c19f69d21e915b64aaa0fe06c8e5e5b72d' LIMIT 1   [ RunTime:0.0001s ]
INFO: [ app_end ] --START--
INFO: Run Behavior\ShowPageTraceBehavior [ RunTime:0.000467s ]
INFO: [ app_end ] --END-- [ RunTime:0.000502s ]

[ 2018-12-14T11:45:56+08:00 ] 127.0.0.1 /files/Image/index/sha1/a5742eeb938586a9e31bf498d841d59338aab6cf
INFO: [ app_init ] --START--
INFO: Run Behavior\BuildLiteBehavior [ RunTime:0.000007s ]
INFO: [ app_init ] --END-- [ RunTime:0.000324s ]
INFO: [ app_begin ] --START--
INFO: Run Behavior\ReadHtmlCacheBehavior [ RunTime:0.000433s ]
INFO: [ app_begin ] --END-- [ RunTime:0.000466s ]
SQL: SHOW COLUMNS FROM `sys_picture` [ RunTime:0.0039s ]
SQL: SELECT `id`,`path`,`size`,`mime` FROM `sys_picture` WHERE `sha1` = 'a5742eeb938586a9e31bf498d841d59338aab6cf' LIMIT 1   [ RunTime:0.0001s ]
INFO: [ app_end ] --START--
INFO: Run Behavior\ShowPageTraceBehavior [ RunTime:0.000454s ]
INFO: [ app_end ] --END-- [ RunTime:0.000491s ]

[ 2018-12-14T11:45:56+08:00 ] 127.0.0.1 /files/Image/index/sha1/30c067f8d8ba3a820a5158ff1dde03b2eedaee77
INFO: [ app_init ] --START--
INFO: Run Behavior\BuildLiteBehavior [ RunTime:0.000008s ]
INFO: [ app_init ] --END-- [ RunTime:0.000372s ]
INFO: [ app_begin ] --START--
INFO: Run Behavior\ReadHtmlCacheBehavior [ RunTime:0.000611s ]
INFO: [ app_begin ] --END-- [ RunTime:0.000646s ]
SQL: SHOW COLUMNS FROM `sys_picture` [ RunTime:0.0044s ]
SQL: SELECT `id`,`path`,`size`,`mime` FROM `sys_picture` WHERE `sha1` = '30c067f8d8ba3a820a5158ff1dde03b2eedaee77' LIMIT 1   [ RunTime:0.0002s ]
INFO: [ app_end ] --START--
INFO: Run Behavior\ShowPageTraceBehavior [ RunTime:0.000562s ]
INFO: [ app_end ] --END-- [ RunTime:0.000604s ]

[ 2018-12-14T11:45:56+08:00 ] 127.0.0.1 /files/Image/index/sha1/9b8b66d7cc7fc6a164c28e6ee10cdd741ac3a5ae
INFO: [ app_init ] --START--
INFO: Run Behavior\BuildLiteBehavior [ RunTime:0.000008s ]
INFO: [ app_init ] --END-- [ RunTime:0.000365s ]
INFO: [ app_begin ] --START--
INFO: Run Behavior\ReadHtmlCacheBehavior [ RunTime:0.000737s ]
INFO: [ app_begin ] --END-- [ RunTime:0.000770s ]
SQL: SHOW COLUMNS FROM `sys_picture` [ RunTime:0.0047s ]
SQL: SELECT `id`,`path`,`size`,`mime` FROM `sys_picture` WHERE `sha1` = '9b8b66d7cc7fc6a164c28e6ee10cdd741ac3a5ae' LIMIT 1   [ RunTime:0.0002s ]
INFO: [ app_end ] --START--
INFO: Run Behavior\ShowPageTraceBehavior [ RunTime:0.000853s ]
INFO: [ app_end ] --END-- [ RunTime:0.000895s ]

[ 2018-12-14T11:45:56+08:00 ] 127.0.0.1 /files/Image/index/sha1/e7b722c19f69d21e915b64aaa0fe06c8e5e5b72d
INFO: [ app_init ] --START--
INFO: Run Behavior\BuildLiteBehavior [ RunTime:0.000010s ]
INFO: [ app_init ] --END-- [ RunTime:0.000377s ]
INFO: [ app_begin ] --START--
INFO: Run Behavior\ReadHtmlCacheBehavior [ RunTime:0.000572s ]
INFO: [ app_begin ] --END-- [ RunTime:0.000605s ]
SQL: SHOW COLUMNS FROM `sys_picture` [ RunTime:0.0055s ]
SQL: SELECT `id`,`path`,`size`,`mime` FROM `sys_picture` WHERE `sha1` = 'e7b722c19f69d21e915b64aaa0fe06c8e5e5b72d' LIMIT 1   [ RunTime:0.0001s ]
INFO: [ app_end ] --START--
INFO: Run Behavior\ShowPageTraceBehavior [ RunTime:0.000611s ]
INFO: [ app_end ] --END-- [ RunTime:0.000674s ]

[ 2018-12-14T11:45:56+08:00 ] 127.0.0.1 /files/Image/index/sha1/a5742eeb938586a9e31bf498d841d59338aab6cf
INFO: [ app_init ] --START--
INFO: Run Behavior\BuildLiteBehavior [ RunTime:0.000008s ]
INFO: [ app_init ] --END-- [ RunTime:0.000331s ]
INFO: [ app_begin ] --START--
INFO: Run Behavior\ReadHtmlCacheBehavior [ RunTime:0.000434s ]
INFO: [ app_begin ] --END-- [ RunTime:0.000469s ]
SQL: SHOW COLUMNS FROM `sys_picture` [ RunTime:0.0048s ]
SQL: SELECT `id`,`path`,`size`,`mime` FROM `sys_picture` WHERE `sha1` = 'a5742eeb938586a9e31bf498d841d59338aab6cf' LIMIT 1   [ RunTime:0.0002s ]
INFO: [ app_end ] --START--
INFO: Run Behavior\ShowPageTraceBehavior [ RunTime:0.000480s ]
INFO: [ app_end ] --END-- [ RunTime:0.000522s ]

[ 2018-12-14T11:45:56+08:00 ] 127.0.0.1 /files/Image/index/sha1/30c067f8d8ba3a820a5158ff1dde03b2eedaee77
INFO: [ app_init ] --START--
INFO: Run Behavior\BuildLiteBehavior [ RunTime:0.000008s ]
INFO: [ app_init ] --END-- [ RunTime:0.000363s ]
INFO: [ app_begin ] --START--
INFO: Run Behavior\ReadHtmlCacheBehavior [ RunTime:0.000724s ]
INFO: [ app_begin ] --END-- [ RunTime:0.000758s ]
SQL: SHOW COLUMNS FROM `sys_picture` [ RunTime:0.0046s ]
SQL: SELECT `id`,`path`,`size`,`mime` FROM `sys_picture` WHERE `sha1` = '30c067f8d8ba3a820a5158ff1dde03b2eedaee77' LIMIT 1   [ RunTime:0.0001s ]
INFO: [ app_end ] --START--
INFO: Run Behavior\ShowPageTraceBehavior [ RunTime:0.000863s ]
INFO: [ app_end ] --END-- [ RunTime:0.000904s ]

[ 2018-12-14T11:45:56+08:00 ] 127.0.0.1 /files/Image/index/sha1/9b8b66d7cc7fc6a164c28e6ee10cdd741ac3a5ae
INFO: [ app_init ] --START--
INFO: Run Behavior\BuildLiteBehavior [ RunTime:0.000008s ]
INFO: [ app_init ] --END-- [ RunTime:0.000319s ]
INFO: [ app_begin ] --START--
INFO: Run Behavior\ReadHtmlCacheBehavior [ RunTime:0.000459s ]
INFO: [ app_begin ] --END-- [ RunTime:0.000497s ]
SQL: SHOW COLUMNS FROM `sys_picture` [ RunTime:0.0045s ]
SQL: SELECT `id`,`path`,`size`,`mime` FROM `sys_picture` WHERE `sha1` = '9b8b66d7cc7fc6a164c28e6ee10cdd741ac3a5ae' LIMIT 1   [ RunTime:0.0002s ]
INFO: [ app_end ] --START--
INFO: Run Behavior\ShowPageTraceBehavior [ RunTime:0.000482s ]
INFO: [ app_end ] --END-- [ RunTime:0.000521s ]

[ 2018-12-14T11:45:56+08:00 ] 127.0.0.1 /files/Image/index/sha1/e7b722c19f69d21e915b64aaa0fe06c8e5e5b72d
INFO: [ app_init ] --START--
INFO: Run Behavior\BuildLiteBehavior [ RunTime:0.000008s ]
INFO: [ app_init ] --END-- [ RunTime:0.000377s ]
INFO: [ app_begin ] --START--
INFO: Run Behavior\ReadHtmlCacheBehavior [ RunTime:0.000568s ]
INFO: [ app_begin ] --END-- [ RunTime:0.000603s ]
SQL: SHOW COLUMNS FROM `sys_picture` [ RunTime:0.0136s ]
SQL: SELECT `id`,`path`,`size`,`mime` FROM `sys_picture` WHERE `sha1` = 'e7b722c19f69d21e915b64aaa0fe06c8e5e5b72d' LIMIT 1   [ RunTime:0.0001s ]
INFO: [ app_end ] --START--
INFO: Run Behavior\ShowPageTraceBehavior [ RunTime:0.000702s ]
INFO: [ app_end ] --END-- [ RunTime:0.000745s ]

[ 2018-12-14T11:45:56+08:00 ] 127.0.0.1 /files/Image/index/sha1/30c067f8d8ba3a820a5158ff1dde03b2eedaee77
INFO: [ app_init ] --START--
INFO: Run Behavior\BuildLiteBehavior [ RunTime:0.000008s ]
INFO: [ app_init ] --END-- [ RunTime:0.000340s ]
INFO: [ app_begin ] --START--
INFO: Run Behavior\ReadHtmlCacheBehavior [ RunTime:0.000430s ]
INFO: [ app_begin ] --END-- [ RunTime:0.000464s ]
SQL: SHOW COLUMNS FROM `sys_picture` [ RunTime:0.0042s ]
SQL: SELECT `id`,`path`,`size`,`mime` FROM `sys_picture` WHERE `sha1` = '30c067f8d8ba3a820a5158ff1dde03b2eedaee77' LIMIT 1   [ RunTime:0.0001s ]
INFO: [ app_end ] --START--
INFO: Run Behavior\ShowPageTraceBehavior [ RunTime:0.000494s ]
INFO: [ app_end ] --END-- [ RunTime:0.000542s ]

[ 2018-12-14T11:45:56+08:00 ] 127.0.0.1 /files/Image/index/sha1/a5742eeb938586a9e31bf498d841d59338aab6cf
INFO: [ app_init ] --START--
INFO: Run Behavior\BuildLiteBehavior [ RunTime:0.000009s ]
INFO: [ app_init ] --END-- [ RunTime:0.000341s ]
INFO: [ app_begin ] --START--
INFO: Run Behavior\ReadHtmlCacheBehavior [ RunTime:0.000427s ]
INFO: [ app_begin ] --END-- [ RunTime:0.000462s ]
SQL: SHOW COLUMNS FROM `sys_picture` [ RunTime:0.0049s ]
SQL: SELECT `id`,`path`,`size`,`mime` FROM `sys_picture` WHERE `sha1` = 'a5742eeb938586a9e31bf498d841d59338aab6cf' LIMIT 1   [ RunTime:0.0002s ]
INFO: [ app_end ] --START--
INFO: Run Behavior\ShowPageTraceBehavior [ RunTime:0.000462s ]
INFO: [ app_end ] --END-- [ RunTime:0.000498s ]

[ 2018-12-14T11:45:56+08:00 ] 127.0.0.1 /files/Image/index/sha1/9b8b66d7cc7fc6a164c28e6ee10cdd741ac3a5ae
INFO: [ app_init ] --START--
INFO: Run Behavior\BuildLiteBehavior [ RunTime:0.000007s ]
INFO: [ app_init ] --END-- [ RunTime:0.000333s ]
INFO: [ app_begin ] --START--
INFO: Run Behavior\ReadHtmlCacheBehavior [ RunTime:0.000431s ]
INFO: [ app_begin ] --END-- [ RunTime:0.000465s ]
SQL: SHOW COLUMNS FROM `sys_picture` [ RunTime:0.0043s ]
SQL: SELECT `id`,`path`,`size`,`mime` FROM `sys_picture` WHERE `sha1` = '9b8b66d7cc7fc6a164c28e6ee10cdd741ac3a5ae' LIMIT 1   [ RunTime:0.0002s ]
INFO: [ app_end ] --START--
INFO: Run Behavior\ShowPageTraceBehavior [ RunTime:0.000475s ]
INFO: [ app_end ] --END-- [ RunTime:0.000528s ]

[ 2018-12-14T11:45:56+08:00 ] 127.0.0.1 /files/Image/index/sha1/e7b722c19f69d21e915b64aaa0fe06c8e5e5b72d
INFO: [ app_init ] --START--
INFO: Run Behavior\BuildLiteBehavior [ RunTime:0.000009s ]
INFO: [ app_init ] --END-- [ RunTime:0.000451s ]
INFO: [ app_begin ] --START--
INFO: Run Behavior\ReadHtmlCacheBehavior [ RunTime:0.000465s ]
INFO: [ app_begin ] --END-- [ RunTime:0.000505s ]
SQL: SHOW COLUMNS FROM `sys_picture` [ RunTime:0.0040s ]
SQL: SELECT `id`,`path`,`size`,`mime` FROM `sys_picture` WHERE `sha1` = 'e7b722c19f69d21e915b64aaa0fe06c8e5e5b72d' LIMIT 1   [ RunTime:0.0001s ]
INFO: [ app_end ] --START--
INFO: Run Behavior\ShowPageTraceBehavior [ RunTime:0.000468s ]
INFO: [ app_end ] --END-- [ RunTime:0.000506s ]

[ 2018-12-14T11:45:56+08:00 ] 127.0.0.1 /files/Image/index/sha1/30c067f8d8ba3a820a5158ff1dde03b2eedaee77
INFO: [ app_init ] --START--
INFO: Run Behavior\BuildLiteBehavior [ RunTime:0.000009s ]
INFO: [ app_init ] --END-- [ RunTime:0.000328s ]
INFO: [ app_begin ] --START--
INFO: Run Behavior\ReadHtmlCacheBehavior [ RunTime:0.000606s ]
INFO: [ app_begin ] --END-- [ RunTime:0.000639s ]
SQL: SHOW COLUMNS FROM `sys_picture` [ RunTime:0.0043s ]
SQL: SELECT `id`,`path`,`size`,`mime` FROM `sys_picture` WHERE `sha1` = '30c067f8d8ba3a820a5158ff1dde03b2eedaee77' LIMIT 1   [ RunTime:0.0001s ]
INFO: [ app_end ] --START--
INFO: Run Behavior\ShowPageTraceBehavior [ RunTime:0.000568s ]
INFO: [ app_end ] --END-- [ RunTime:0.000617s ]

[ 2018-12-14T11:45:56+08:00 ] 127.0.0.1 /files/Image/index/sha1/9b8b66d7cc7fc6a164c28e6ee10cdd741ac3a5ae
INFO: [ app_init ] --START--
INFO: Run Behavior\BuildLiteBehavior [ RunTime:0.000012s ]
INFO: [ app_init ] --END-- [ RunTime:0.000373s ]
INFO: [ app_begin ] --START--
INFO: Run Behavior\ReadHtmlCacheBehavior [ RunTime:0.000571s ]
INFO: [ app_begin ] --END-- [ RunTime:0.000605s ]
SQL: SHOW COLUMNS FROM `sys_picture` [ RunTime:0.0044s ]
SQL: SELECT `id`,`path`,`size`,`mime` FROM `sys_picture` WHERE `sha1` = '9b8b66d7cc7fc6a164c28e6ee10cdd741ac3a5ae' LIMIT 1   [ RunTime:0.0001s ]
INFO: [ app_end ] --START--
INFO: Run Behavior\ShowPageTraceBehavior [ RunTime:0.000707s ]
INFO: [ app_end ] --END-- [ RunTime:0.000760s ]

[ 2018-12-14T11:45:56+08:00 ] 127.0.0.1 /files/Image/index/sha1/a5742eeb938586a9e31bf498d841d59338aab6cf
INFO: [ app_init ] --START--
INFO: Run Behavior\BuildLiteBehavior [ RunTime:0.000008s ]
INFO: [ app_init ] --END-- [ RunTime:0.000373s ]
INFO: [ app_begin ] --START--
INFO: Run Behavior\ReadHtmlCacheBehavior [ RunTime:0.000752s ]
INFO: [ app_begin ] --END-- [ RunTime:0.000788s ]
SQL: SHOW COLUMNS FROM `sys_picture` [ RunTime:0.0060s ]
SQL: SELECT `id`,`path`,`size`,`mime` FROM `sys_picture` WHERE `sha1` = 'a5742eeb938586a9e31bf498d841d59338aab6cf' LIMIT 1   [ RunTime:0.0002s ]
INFO: [ app_end ] --START--
INFO: Run Behavior\ShowPageTraceBehavior [ RunTime:0.001335s ]
INFO: [ app_end ] --END-- [ RunTime:0.001437s ]

