[ 2018-12-18T09:14:20+08:00 ] 222.182.199.82 /Files/Image/upload.html
INFO: [ app_init ] --START--
INFO: Run Behavior\BuildLiteBehavior [ RunTime:0.000000s ]
INFO: [ app_init ] --END-- [ RunTime:0.000977s ]
INFO: [ app_begin ] --START--
INFO: Run Behavior\ReadHtmlCacheBehavior [ RunTime:0.000000s ]
INFO: [ app_begin ] --END-- [ RunTime:0.000000s ]
SQL: SHOW COLUMNS FROM `sys_picture` [ RunTime:0.0020s ]
SQL: SELECT `id`,`md5`,`sha1`,`path` FROM `sys_picture` WHERE `md5` = 'd885811344c367ae62890fb159ff4302' LIMIT 1   [ RunTime:0.0000s ]
SQL: INSERT INTO `sys_picture` (`name`,`size`,`ext`,`md5`,`sha1`,`savename`,`savepath`,`path`,`mime`) VALUES ('5b57e53440482.jpg','29131','jpg','d885811344c367ae62890fb159ff4302','8241f05ac4b62ed9664601d8f3b05b106d0a1fb3','5c1849ec43a7d.jpg','2018-12-18/','/Uploads/Picture/2018-12-18/5c1849ec43a7d.jpg','image/jpeg') [ RunTime:0.0029s ]

[ 2018-12-18T09:14:20+08:00 ] 222.182.199.82 /files/Image/index/sha1/8241f05ac4b62ed9664601d8f3b05b106d0a1fb3
INFO: [ app_init ] --START--
INFO: Run Behavior\BuildLiteBehavior [ RunTime:0.000000s ]
INFO: [ app_init ] --END-- [ RunTime:0.000000s ]
INFO: [ app_begin ] --START--
INFO: Run Behavior\ReadHtmlCacheBehavior [ RunTime:0.000977s ]
INFO: [ app_begin ] --END-- [ RunTime:0.000977s ]
SQL: SHOW COLUMNS FROM `sys_picture` [ RunTime:0.0020s ]
SQL: SELECT `id`,`path`,`size`,`mime` FROM `sys_picture` WHERE `sha1` = '8241f05ac4b62ed9664601d8f3b05b106d0a1fb3' LIMIT 1   [ RunTime:0.0000s ]
INFO: [ app_end ] --START--
INFO: Run Behavior\ShowPageTraceBehavior [ RunTime:0.000000s ]
INFO: [ app_end ] --END-- [ RunTime:0.000000s ]

[ 2018-12-18T09:15:04+08:00 ] 222.182.199.82 /Files/File/upload.html
INFO: [ app_init ] --START--
INFO: Run Behavior\BuildLiteBehavior [ RunTime:0.000000s ]
INFO: [ app_init ] --END-- [ RunTime:0.000976s ]
INFO: [ app_begin ] --START--
INFO: Run Behavior\ReadHtmlCacheBehavior [ RunTime:0.000000s ]
INFO: [ app_begin ] --END-- [ RunTime:0.000000s ]
SQL: SHOW COLUMNS FROM `sys_file` [ RunTime:0.0020s ]
SQL: SELECT `id`,`name`,`type`,`size`,`ext`,`md5`,`sha1`,`savename`,`savepath`,`path` FROM `sys_file` WHERE `md5` = 'a2673d7a276a1669290a8b22a05aad88' LIMIT 1   [ RunTime:0.0000s ]
SQL: INSERT INTO `sys_file` (`name`,`size`,`ext`,`md5`,`sha1`,`savename`,`savepath`,`path`,`type`) VALUES ('p(2).docx','33579','docx','a2673d7a276a1669290a8b22a05aad88','9c4d2471b0f229457f1190e41ea9fa75ac1e5b44','5c184a18f1b37.docx','2018-12-18/','/Uploads/Download/2018-12-18/5c184a18f1b37.docx','1') [ RunTime:0.0039s ]

[ 2018-12-18T09:15:19+08:00 ] 61.151.178.217 /files/Image/index/sha1/8241f05ac4b62ed9664601d8f3b05b106d0a1fb3
INFO: [ app_init ] --START--
INFO: Run Behavior\BuildLiteBehavior [ RunTime:0.000000s ]
INFO: [ app_init ] --END-- [ RunTime:0.000000s ]
INFO: [ app_begin ] --START--
INFO: Run Behavior\ReadHtmlCacheBehavior [ RunTime:0.000976s ]
INFO: [ app_begin ] --END-- [ RunTime:0.000976s ]
SQL: SHOW COLUMNS FROM `sys_picture` [ RunTime:0.0020s ]
SQL: SELECT `id`,`path`,`size`,`mime` FROM `sys_picture` WHERE `sha1` = '8241f05ac4b62ed9664601d8f3b05b106d0a1fb3' LIMIT 1   [ RunTime:0.0000s ]
INFO: [ app_end ] --START--
INFO: Run Behavior\ShowPageTraceBehavior [ RunTime:0.000976s ]
INFO: [ app_end ] --END-- [ RunTime:0.000976s ]

[ 2018-12-18T09:15:35+08:00 ] 222.182.199.82 /files/File/index/sha1/9c4d2471b0f229457f1190e41ea9fa75ac1e5b44
INFO: [ app_init ] --START--
INFO: Run Behavior\BuildLiteBehavior [ RunTime:0.000000s ]
INFO: [ app_init ] --END-- [ RunTime:0.000000s ]
INFO: [ app_begin ] --START--
INFO: Run Behavior\ReadHtmlCacheBehavior [ RunTime:0.000000s ]
INFO: [ app_begin ] --END-- [ RunTime:0.000000s ]
SQL: SHOW COLUMNS FROM `sys_file` [ RunTime:0.0020s ]
SQL: SELECT * FROM `sys_file` WHERE `sha1` = '9c4d2471b0f229457f1190e41ea9fa75ac1e5b44' LIMIT 1   [ RunTime:0.0000s ]
NOTIC: [8] Undefined index: location C:\www\heart2worldcrm2\Application\Files\Model\FileModel.class.php 第 105 行.
NOTIC: [8] Undefined index: mime C:\www\heart2worldcrm2\Application\Files\Model\FileModel.class.php 第 146 行.
NOTIC: [8] Undefined index: mime C:\www\heart2worldcrm2\Application\Files\Model\FileModel.class.php 第 156 行.

[ 2018-12-18T09:16:35+08:00 ] 61.151.179.84 /files/File/index/sha1/9c4d2471b0f229457f1190e41ea9fa75ac1e5b44
INFO: [ app_init ] --START--
INFO: Run Behavior\BuildLiteBehavior [ RunTime:0.000000s ]
INFO: [ app_init ] --END-- [ RunTime:0.000977s ]
INFO: [ app_begin ] --START--
INFO: Run Behavior\ReadHtmlCacheBehavior [ RunTime:0.000000s ]
INFO: [ app_begin ] --END-- [ RunTime:0.000000s ]
SQL: SHOW COLUMNS FROM `sys_file` [ RunTime:0.0010s ]
SQL: SELECT * FROM `sys_file` WHERE `sha1` = '9c4d2471b0f229457f1190e41ea9fa75ac1e5b44' LIMIT 1   [ RunTime:0.0000s ]
NOTIC: [8] Undefined index: location C:\www\heart2worldcrm2\Application\Files\Model\FileModel.class.php 第 105 行.
NOTIC: [8] Undefined index: mime C:\www\heart2worldcrm2\Application\Files\Model\FileModel.class.php 第 146 行.
NOTIC: [8] Undefined index: mime C:\www\heart2worldcrm2\Application\Files\Model\FileModel.class.php 第 156 行.

[ 2018-12-18T10:06:11+08:00 ] 222.182.199.82 /files/File/index/sha1/9c4d2471b0f229457f1190e41ea9fa75ac1e5b44
INFO: [ app_init ] --START--
INFO: Run Behavior\BuildLiteBehavior [ RunTime:0.000000s ]
INFO: [ app_init ] --END-- [ RunTime:0.000000s ]
INFO: [ app_begin ] --START--
INFO: Run Behavior\ReadHtmlCacheBehavior [ RunTime:0.000977s ]
INFO: [ app_begin ] --END-- [ RunTime:0.000977s ]
SQL: SHOW COLUMNS FROM `sys_file` [ RunTime:0.0020s ]
SQL: SELECT * FROM `sys_file` WHERE `sha1` = '9c4d2471b0f229457f1190e41ea9fa75ac1e5b44' LIMIT 1   [ RunTime:0.0000s ]
NOTIC: [8] Undefined index: location C:\www\heart2worldcrm2\Application\Files\Model\FileModel.class.php 第 105 行.
NOTIC: [8] Undefined index: mime C:\www\heart2worldcrm2\Application\Files\Model\FileModel.class.php 第 146 行.
NOTIC: [8] Undefined index: mime C:\www\heart2worldcrm2\Application\Files\Model\FileModel.class.php 第 156 行.

[ 2018-12-18T10:06:23+08:00 ] 222.182.199.82 /files/File/index/sha1/9c4d2471b0f229457f1190e41ea9fa75ac1e5b44
INFO: [ app_init ] --START--
INFO: Run Behavior\BuildLiteBehavior [ RunTime:0.000000s ]
INFO: [ app_init ] --END-- [ RunTime:0.000000s ]
INFO: [ app_begin ] --START--
INFO: Run Behavior\ReadHtmlCacheBehavior [ RunTime:0.000000s ]
INFO: [ app_begin ] --END-- [ RunTime:0.000000s ]
SQL: SHOW COLUMNS FROM `sys_file` [ RunTime:0.0020s ]
SQL: SELECT * FROM `sys_file` WHERE `sha1` = '9c4d2471b0f229457f1190e41ea9fa75ac1e5b44' LIMIT 1   [ RunTime:0.0000s ]
NOTIC: [8] Undefined index: location C:\www\heart2worldcrm2\Application\Files\Model\FileModel.class.php 第 105 行.
NOTIC: [8] Undefined index: mime C:\www\heart2worldcrm2\Application\Files\Model\FileModel.class.php 第 146 行.
NOTIC: [8] Undefined index: mime C:\www\heart2worldcrm2\Application\Files\Model\FileModel.class.php 第 156 行.

